<?xml version="1.0" encoding="UTF-8"?>
<!-- Generated by org.testng.reporters.JUnitReportReporter -->
<testsuite hostname="DESKTOP-2RH5LLD" failures="0" tests="1" name="tests.createaccounttest" time="47.758" errors="0" timestamp="2024-09-26T18:58:50 CDT" skipped="0">
  <testcase classname="tests.createaccounttest" name="verifyaccountname" time="47.758"/>
</testsuite> <!-- tests.createaccounttest -->
