<?xml version="1.0" encoding="UTF-8"?>
<!-- Generated by org.testng.reporters.JUnitReportReporter -->
<testsuite hostname="DESKTOP-2RH5LLD" failures="0" tests="1" name="tests.Tc13verifymergetest" time="30.946" errors="0" timestamp="2024-09-26T18:58:50 CDT" skipped="0">
  <testcase classname="tests.Tc13verifymergetest" name="verifymerge" time="30.946"/>
</testsuite> <!-- tests.Tc13verifymergetest -->
