<?xml version="1.0" encoding="UTF-8"?>
<!-- Generated by org.testng.reporters.JUnitReportReporter -->
<testsuite hostname="DESKTOP-2RH5LLD" failures="0" tests="1" name="tests.Tc14Createaccountreporttest" time="16.508" errors="0" timestamp="2024-09-23T15:32:17 CDT" skipped="0">
  <testcase classname="tests.Tc14Createaccountreporttest" name="verifyuniquename" time="16.508"/>
</testsuite> <!-- tests.Tc14Createaccountreporttest -->
