<?xml version="1.0" encoding="UTF-8"?>
<!-- Generated by org.testng.reporters.JUnitReportReporter -->
<testsuite hostname="DESKTOP-2RH5LLD" failures="0" tests="1" name="tests.Tc15and161718createopportnewtest" time="9.715" errors="0" timestamp="2024-09-23T16:17:22 CDT" skipped="0">
  <testcase classname="tests.Tc15and161718createopportnewtest" name="verifystuck" time="9.715"/>
</testsuite> <!-- tests.Tc15and161718createopportnewtest -->
