<?xml version="1.0" encoding="UTF-8"?>
<!-- Generated by org.testng.reporters.JUnitReportReporter -->
<testsuite hostname="DESKTOP-2RH5LLD" failures="0" tests="1" name="tests.Tc12Editviewtest" time="52.719" errors="0" timestamp="2024-09-26T18:58:50 CDT" skipped="0">
  <testcase classname="tests.Tc12Editviewtest" name="verifyeditview" time="52.719"/>
</testsuite> <!-- tests.Tc12Editviewtest -->
