<?xml version="1.0" encoding="UTF-8"?>
<!-- Generated by org.testng.reporters.JUnitReportReporter -->
<testsuite hostname="DESKTOP-2RH5LLD" failures="0" tests="1" name="tests.Tc25262728contactnewviewtest" time="10.339" errors="0" timestamp="2024-09-23T18:32:10 CDT" skipped="0">
  <testcase classname="tests.Tc25262728contactnewviewtest" name="verifycheckmycontact" time="10.339"/>
</testsuite> <!-- tests.Tc25262728contactnewviewtest -->
