<?xml version="1.0" encoding="UTF-8"?>
<!-- Generated by org.testng.reporters.JUnitReportReporter -->
<testsuite hostname="DESKTOP-2RH5LLD" failures="0" tests="1" name="tests.Tc20212223Leadtest" time="7.889" errors="0" timestamp="2024-09-23T17:43:26 CDT" skipped="0">
  <testcase classname="tests.Tc20212223Leadtest" name="verifytodaydeal" time="7.889"/>
</testsuite> <!-- tests.Tc20212223Leadtest -->
