<?xml version="1.0" encoding="UTF-8"?>
<!-- Generated by org.testng.reporters.JUnitReportReporter -->
<testsuite hostname="DESKTOP-2RH5LLD" failures="0" tests="1" name="tests.Developerconsoletest" time="11.841" errors="0" timestamp="2024-09-18T10:53:01 CDT" skipped="0">
  <testcase classname="tests.Developerconsoletest" name="verifydeveloper" time="11.841"/>
</testsuite> <!-- tests.Developerconsoletest -->
