<?xml version="1.0" encoding="UTF-8"?>
<!-- Generated by org.testng.reporters.JUnitReportReporter -->
<testsuite hostname="DESKTOP-2RH5LLD" failures="0" tests="2" name="tests.Tc15and16171819createopportnewtest" time="20.754" errors="0" timestamp="2024-09-23T17:03:35 CDT" skipped="0">
  <testcase classname="tests.Tc15and16171819createopportnewtest" name="verifycreateopport" time="11.155"/>
  <testcase classname="tests.Tc15and16171819createopportnewtest" name="verifyquarterly" time="9.599"/>
</testsuite> <!-- tests.Tc15and16171819createopportnewtest -->
