<?xml version="1.0" encoding="UTF-8"?>
<!-- Generated by org.testng.reporters.JUnitReportReporter -->
<testsuite hostname="DESKTOP-2RH5LLD" failures="0" tests="1" name="tests.Tc11CreateAccounttest" time="14.145" errors="0" timestamp="2024-09-23T14:36:16 CDT" skipped="0">
  <testcase classname="tests.Tc11CreateAccounttest" name="verifyuniquename" time="14.145"/>
</testsuite> <!-- tests.Tc11CreateAccounttest -->
