<?xml version="1.0" encoding="UTF-8"?>
<!-- Generated by org.testng.reporters.JUnitReportReporter -->
<testsuite hostname="DESKTOP-2RH5LLD" failures="0" tests="1" name="tests.Tc12Editviewtest" time="15.488" errors="0" timestamp="2024-09-23T14:55:12 CDT" skipped="0">
  <testcase classname="tests.Tc12Editviewtest" name="verifyuniquename" time="15.488"/>
</testsuite> <!-- tests.Tc12Editviewtest -->
