<?xml version="1.0" encoding="UTF-8"?>
<!-- Generated by org.testng.reporters.JUnitReportReporter -->
<testsuite hostname="DESKTOP-2RH5LLD" failures="0" tests="1" name="tests.Tc25262728293031contactnewviewtest" time="7.674" errors="0" timestamp="2024-09-23T18:51:41 CDT" skipped="0">
  <testcase classname="tests.Tc25262728293031contactnewviewtest" name="verifysaveandnew" time="7.674"/>
</testsuite> <!-- tests.Tc25262728293031contactnewviewtest -->
