<?xml version="1.0" encoding="UTF-8"?>
<!-- Generated by org.testng.reporters.JUnitReportReporter -->
<testsuite hostname="DESKTOP-2RH5LLD" failures="0" tests="1" name="tests.Tc33343536Randometest" time="16.305" errors="0" timestamp="2024-09-27T15:02:46 CDT" skipped="0">
  <testcase classname="tests.Tc33343536Randometest" name="verifycalendartime" time="16.305"/>
</testsuite> <!-- tests.Tc33343536Randometest -->
