<?xml version="1.0" encoding="UTF-8"?>
<!-- Generated by org.testng.reporters.JUnitReportReporter -->
<testsuite hostname="DESKTOP-2RH5LLD" failures="0" tests="5" name="tests.Tc15and16171819createopportnewtest" time="193.373" errors="0" timestamp="2024-09-26T18:58:50 CDT" skipped="0">
  <testcase classname="tests.Tc15and16171819createopportnewtest" name="verifypipeline" time="20.613"/>
  <testcase classname="tests.Tc15and16171819createopportnewtest" name="verifycreateopport" time="22.317"/>
  <testcase classname="tests.Tc15and16171819createopportnewtest" name="verifyopportunity" time="62.804"/>
  <testcase classname="tests.Tc15and16171819createopportnewtest" name="verifystuck" time="50.099"/>
  <testcase classname="tests.Tc15and16171819createopportnewtest" name="verifyquarterly" time="37.540"/>
</testsuite> <!-- tests.Tc15and16171819createopportnewtest -->
