<?xml version="1.0" encoding="UTF-8"?>
<!-- Generated by org.testng.reporters.JUnitReportReporter -->
<testsuite hostname="DESKTOP-2RH5LLD" failures="0" tests="1" name="tests.Tc2526272829contactnewviewtest" time="10.569" errors="0" timestamp="2024-09-23T18:46:48 CDT" skipped="0">
  <testcase classname="tests.Tc2526272829contactnewviewtest" name="verifycancel" time="10.569"/>
</testsuite> <!-- tests.Tc2526272829contactnewviewtest -->
