<?xml version="1.0" encoding="UTF-8"?>
<!-- Generated by org.testng.reporters.JUnitReportReporter -->
<testsuite hostname="DESKTOP-2RH5LLD" failures="0" tests="1" name="tests.Tc20Leadtest" time="9.673" errors="0" timestamp="2024-09-23T17:18:16 CDT" skipped="0">
  <testcase classname="tests.Tc20Leadtest" name="verifyLeadselectview" time="9.673"/>
</testsuite> <!-- tests.Tc20Leadtest -->
