<?xml version="1.0" encoding="UTF-8"?>
<!-- Generated by org.testng.reporters.JUnitReportReporter -->
<testsuite hostname="DESKTOP-2RH5LLD" failures="0" tests="1" name="tests.createaccounttest" time="19.372" errors="0" timestamp="2024-09-23T14:19:05 CDT" skipped="0">
  <testcase classname="tests.createaccounttest" name="verifyaccountname" time="19.372"/>
</testsuite> <!-- tests.createaccounttest -->
