<?xml version="1.0" encoding="UTF-8"?>
<!-- Generated by org.testng.reporters.JUnitReportReporter -->
<testsuite hostname="DESKTOP-2RH5LLD" failures="0" tests="1" name="tests.Hometest" time="26.591" errors="0" timestamp="2024-09-16T18:24:24 CDT" skipped="0">
  <testcase classname="tests.Hometest" name="verifyhomeprofile" time="26.591"/>
</testsuite> <!-- tests.Hometest -->
