<?xml version="1.0" encoding="UTF-8"?>
<!-- Generated by org.testng.reporters.JUnitReportReporter -->
<testsuite hostname="DESKTOP-2RH5LLD" failures="0" tests="1" name="tests.contactnewviewtest" time="10.805" errors="0" timestamp="2024-09-16T20:03:25 CDT" skipped="0">
  <testcase classname="tests.contactnewviewtest" name="verifyuniquename" time="10.805"/>
</testsuite> <!-- tests.contactnewviewtest -->
