<?xml version="1.0" encoding="UTF-8"?>
<!-- Generated by org.testng.reporters.JUnitReportReporter -->
<testsuite hostname="DESKTOP-2RH5LLD" failures="0" tests="1" name="com.testngframe.Quarterlysummary" time="17.113" errors="0" timestamp="2024-09-03T14:24:59 CDT" skipped="0">
  <testcase classname="com.testngframe.Quarterlysummary" name="Quarterly" time="17.113"/>
  <system-out/>
</testsuite> <!-- com.testngframe.Quarterlysummary -->
