<?xml version="1.0" encoding="UTF-8"?>
<!-- Generated by org.testng.reporters.JUnitReportReporter -->
<testsuite hostname="DESKTOP-2RH5LLD" failures="0" tests="1" name="tests.Tc14Createaccountreporttest" time="45.125" errors="0" timestamp="2024-09-26T18:58:50 CDT" skipped="0">
  <testcase classname="tests.Tc14Createaccountreporttest" name="verifyaccountreport" time="45.125"/>
</testsuite> <!-- tests.Tc14Createaccountreporttest -->
